<?xml version="1.0" encoding="UTF-8"?>
<testng-results ignored="0" total="6" passed="6" failed="0" skipped="0">
  <reporter-output>
  </reporter-output>
  <suite started-at="2026-06-12T16:49:17 IST" name="LMS Suite" finished-at="2026-06-12T16:49:43 IST" duration-ms="25827">
    <groups>
    </groups>
    <test started-at="2026-06-12T16:49:17 IST" name="LMS Tests" finished-at="2026-06-12T16:49:43 IST" duration-ms="25827">
      <class name="tests.TC04_InvalidLoginTest">
        <test-method signature="invalidLoginPageLoad()[pri:0, instance:tests.TC04_InvalidLoginTest@7e0b85f9]" started-at="2026-06-12T16:49:40 IST" name="invalidLoginPageLoad" finished-at="2026-06-12T16:49:43 IST" duration-ms="2919" status="PASS">
          <reporter-output>
          </reporter-output>
        </test-method> <!-- invalidLoginPageLoad -->
      </class> <!-- tests.TC04_InvalidLoginTest -->
      <class name="tests.TC02_RegisterUserTest">
        <test-method signature="registerUser()[pri:0, instance:tests.TC02_RegisterUserTest@6a400542]" started-at="2026-06-12T16:49:24 IST" name="registerUser" finished-at="2026-06-12T16:49:32 IST" duration-ms="7977" status="PASS">
          <reporter-output>
          </reporter-output>
        </test-method> <!-- registerUser -->
      </class> <!-- tests.TC02_RegisterUserTest -->
      <class name="tests.TC01_GetBooksTest">
        <test-method signature="getBooks()[pri:0, instance:tests.TC01_GetBooksTest@2667f029]" started-at="2026-06-12T16:49:17 IST" name="getBooks" finished-at="2026-06-12T16:49:24 IST" duration-ms="6979" status="PASS">
          <reporter-output>
          </reporter-output>
        </test-method> <!-- getBooks -->
      </class> <!-- tests.TC01_GetBooksTest -->
      <class name="tests.TC05_AddBookTest">
        <test-method signature="addBook()[pri:0, instance:tests.TC05_AddBookTest@63355449]" started-at="2026-06-12T16:49:43 IST" name="addBook" finished-at="2026-06-12T16:49:43 IST" duration-ms="1" status="PASS">
          <reporter-output>
          </reporter-output>
        </test-method> <!-- addBook -->
      </class> <!-- tests.TC05_AddBookTest -->
      <class name="tests.TC03_ValidLoginTest">
        <test-method signature="validLogin()[pri:0, instance:tests.TC03_ValidLoginTest@6580cfdd]" started-at="2026-06-12T16:49:32 IST" name="validLogin" finished-at="2026-06-12T16:49:40 IST" duration-ms="7932" status="PASS">
          <reporter-output>
          </reporter-output>
        </test-method> <!-- validLogin -->
      </class> <!-- tests.TC03_ValidLoginTest -->
      <class name="tests.TC06_IssueBookTest">
        <test-method signature="issueBook()[pri:0, instance:tests.TC06_IssueBookTest@9353778]" started-at="2026-06-12T16:49:43 IST" name="issueBook" finished-at="2026-06-12T16:49:43 IST" duration-ms="1" status="PASS">
          <reporter-output>
          </reporter-output>
        </test-method> <!-- issueBook -->
      </class> <!-- tests.TC06_IssueBookTest -->
    </test> <!-- LMS Tests -->
  </suite> <!-- LMS Suite -->
</testng-results>
