<?xml version="1.0" encoding="UTF-8"?>
<!-- Generated by org.testng.reporters.JUnitXMLReporter -->
<testsuite ignored="0" hostname="Shikhas-MacBook-Air.local" failures="0" tests="6" name="LMS Tests" time="25.827" errors="0" timestamp="2026-06-12T16:49:43 IST">
  <testcase classname="tests.TC01_GetBooksTest" name="getBooks" time="6.979"/>
  <testcase classname="tests.TC02_RegisterUserTest" name="registerUser" time="7.977"/>
  <testcase classname="tests.TC03_ValidLoginTest" name="validLogin" time="7.932"/>
  <testcase classname="tests.TC04_InvalidLoginTest" name="invalidLoginPageLoad" time="2.919"/>
  <testcase classname="tests.TC05_AddBookTest" name="addBook" time="0.001"/>
  <testcase classname="tests.TC06_IssueBookTest" name="issueBook" time="0.001"/>
</testsuite> <!-- LMS Tests -->
